Downloading from https://tests.stockfishchess.org/api/nn/nn-2962dca31855.nnue ...
Failed to download from https://tests.stockfishchess.org/api/nn/nn-2962dca31855.nnue
Downloading from https://tests.stockfishchess.org/api/nn/nn-37f18f62d772.nnue ...
Failed to download from https://tests.stockfishchess.org/api/nn/nn-37f18f62d772.nnue

Config:
debug: 'no'
sanitize: 'none'
optimize: 'yes'
arch: 'x86_64'
bits: '64'
kernel: 'Linux'
os: 'GNU/Linux'
prefetch: 'yes'
popcnt: 'yes'
pext: 'yes'
sse: 'yes'
mmx: 'no'
sse2: 'yes'
ssse3: 'yes'
sse41: 'yes'
avx2: 'yes'
avxvnni: 'no'
avx512: 'yes'
vnni512: 'no'
avx512icl: 'no'
altivec: 'no'
vsx: 'no'
neon: 'no'
dotprod: 'no'
arm_version: '0'
lsx: 'no'
lasx: 'no'
target_windows: ''

Flags:
CXX: g++
CXXFLAGS:  -Wall -Wcast-qual -fno-exceptions -std=c++17  -pedantic -Wextra -Wshadow -Wmissing-declarations -m64 -Wstack-usage=128000 -DUSE_PTHREADS -DNDEBUG -O3 -funroll-loops -DIS_64BIT -msse -msse3 -mpopcnt -DUSE_POPCNT -DUSE_AVX2 -mavx2 -mbmi -DUSE_AVX512 -mavx512f -mavx512bw -mavx512dq -mavx512vl -DUSE_SSE41 -msse4.1 -DUSE_SSSE3 -mssse3 -DUSE_SSE2 -msse2 -DUSE_PEXT -mbmi2 -DGIT_SHA=0c8d96db -DGIT_DATE=20260109 -DARCH=x86-64-avx512 -flto -flto-partition=one
LDFLAGS:   -m64 -Wl,--no-as-needed -lpthread -lrt  -Wall -Wcast-qual -fno-exceptions -std=c++17  -pedantic -Wextra -Wshadow -Wmissing-declarations -m64 -Wstack-usage=128000 -DUSE_PTHREADS -DNDEBUG -O3 -funroll-loops -DIS_64BIT -msse -msse3 -mpopcnt -DUSE_POPCNT -DUSE_AVX2 -mavx2 -mbmi -DUSE_AVX512 -mavx512f -mavx512bw -mavx512dq -mavx512vl -DUSE_SSE41 -msse4.1 -DUSE_SSSE3 -mssse3 -DUSE_SSE2 -msse2 -DUSE_PEXT -mbmi2 -DGIT_SHA=0c8d96db -DGIT_DATE=20260109 -DARCH=x86-64-avx512 -flto -flto-partition=one -flto=jobserver

Testing config sanity. If this fails, try 'make help' ...

make ARCH=x86-64-avx512 COMP=gcc all
make[1]: Entering directory '/workspace/BrainLearnJR/src'
g++  -Wall -Wcast-qual -fno-exceptions -std=c++17  -pedantic -Wextra -Wshadow -Wmissing-declarations -m64 -Wstack-usage=128000 -DUSE_PTHREADS -DNDEBUG -O3 -funroll-loops -DIS_64BIT -msse -msse3 -mpopcnt -DUSE_POPCNT -DUSE_AVX2 -mavx2 -mbmi -DUSE_AVX512 -mavx512f -mavx512bw -mavx512dq -mavx512vl -DUSE_SSE41 -msse4.1 -DUSE_SSSE3 -mssse3 -DUSE_SSE2 -msse2 -DUSE_PEXT -mbmi2 -DGIT_SHA=0c8d96db -DGIT_DATE=20260109 -DARCH=x86-64-avx512 -flto -flto-partition=one   -c -o benchmark.o benchmark.cpp
g++  -Wall -Wcast-qual -fno-exceptions -std=c++17  -pedantic -Wextra -Wshadow -Wmissing-declarations -m64 -Wstack-usage=128000 -DUSE_PTHREADS -DNDEBUG -O3 -funroll-loops -DIS_64BIT -msse -msse3 -mpopcnt -DUSE_POPCNT -DUSE_AVX2 -mavx2 -mbmi -DUSE_AVX512 -mavx512f -mavx512bw -mavx512dq -mavx512vl -DUSE_SSE41 -msse4.1 -DUSE_SSSE3 -mssse3 -DUSE_SSE2 -msse2 -DUSE_PEXT -mbmi2 -DGIT_SHA=0c8d96db -DGIT_DATE=20260109 -DARCH=x86-64-avx512 -flto -flto-partition=one   -c -o bitboard.o bitboard.cpp
g++  -Wall -Wcast-qual -fno-exceptions -std=c++17  -pedantic -Wextra -Wshadow -Wmissing-declarations -m64 -Wstack-usage=128000 -DUSE_PTHREADS -DNDEBUG -O3 -funroll-loops -DIS_64BIT -msse -msse3 -mpopcnt -DUSE_POPCNT -DUSE_AVX2 -mavx2 -mbmi -DUSE_AVX512 -mavx512f -mavx512bw -mavx512dq -mavx512vl -DUSE_SSE41 -msse4.1 -DUSE_SSSE3 -mssse3 -DUSE_SSE2 -msse2 -DUSE_PEXT -mbmi2 -DGIT_SHA=0c8d96db -DGIT_DATE=20260109 -DARCH=x86-64-avx512 -flto -flto-partition=one   -c -o evaluate.o evaluate.cpp
g++  -Wall -Wcast-qual -fno-exceptions -std=c++17  -pedantic -Wextra -Wshadow -Wmissing-declarations -m64 -Wstack-usage=128000 -DUSE_PTHREADS -DNDEBUG -O3 -funroll-loops -DIS_64BIT -msse -msse3 -mpopcnt -DUSE_POPCNT -DUSE_AVX2 -mavx2 -mbmi -DUSE_AVX512 -mavx512f -mavx512bw -mavx512dq -mavx512vl -DUSE_SSE41 -msse4.1 -DUSE_SSSE3 -mssse3 -DUSE_SSE2 -msse2 -DUSE_PEXT -mbmi2 -DGIT_SHA=0c8d96db -DGIT_DATE=20260109 -DARCH=x86-64-avx512 -flto -flto-partition=one   -c -o main.o main.cpp
g++  -Wall -Wcast-qual -fno-exceptions -std=c++17  -pedantic -Wextra -Wshadow -Wmissing-declarations -m64 -Wstack-usage=128000 -DUSE_PTHREADS -DNDEBUG -O3 -funroll-loops -DIS_64BIT -msse -msse3 -mpopcnt -DUSE_POPCNT -DUSE_AVX2 -mavx2 -mbmi -DUSE_AVX512 -mavx512f -mavx512bw -mavx512dq -mavx512vl -DUSE_SSE41 -msse4.1 -DUSE_SSSE3 -mssse3 -DUSE_SSE2 -msse2 -DUSE_PEXT -mbmi2 -DGIT_SHA=0c8d96db -DGIT_DATE=20260109 -DARCH=x86-64-avx512 -flto -flto-partition=one   -c -o misc.o misc.cpp
g++  -Wall -Wcast-qual -fno-exceptions -std=c++17  -pedantic -Wextra -Wshadow -Wmissing-declarations -m64 -Wstack-usage=128000 -DUSE_PTHREADS -DNDEBUG -O3 -funroll-loops -DIS_64BIT -msse -msse3 -mpopcnt -DUSE_POPCNT -DUSE_AVX2 -mavx2 -mbmi -DUSE_AVX512 -mavx512f -mavx512bw -mavx512dq -mavx512vl -DUSE_SSE41 -msse4.1 -DUSE_SSSE3 -mssse3 -DUSE_SSE2 -msse2 -DUSE_PEXT -mbmi2 -DGIT_SHA=0c8d96db -DGIT_DATE=20260109 -DARCH=x86-64-avx512 -flto -flto-partition=one   -c -o movegen.o movegen.cpp
g++  -Wall -Wcast-qual -fno-exceptions -std=c++17  -pedantic -Wextra -Wshadow -Wmissing-declarations -m64 -Wstack-usage=128000 -DUSE_PTHREADS -DNDEBUG -O3 -funroll-loops -DIS_64BIT -msse -msse3 -mpopcnt -DUSE_POPCNT -DUSE_AVX2 -mavx2 -mbmi -DUSE_AVX512 -mavx512f -mavx512bw -mavx512dq -mavx512vl -DUSE_SSE41 -msse4.1 -DUSE_SSSE3 -mssse3 -DUSE_SSE2 -msse2 -DUSE_PEXT -mbmi2 -DGIT_SHA=0c8d96db -DGIT_DATE=20260109 -DARCH=x86-64-avx512 -flto -flto-partition=one   -c -o movepick.o movepick.cpp
g++  -Wall -Wcast-qual -fno-exceptions -std=c++17  -pedantic -Wextra -Wshadow -Wmissing-declarations -m64 -Wstack-usage=128000 -DUSE_PTHREADS -DNDEBUG -O3 -funroll-loops -DIS_64BIT -msse -msse3 -mpopcnt -DUSE_POPCNT -DUSE_AVX2 -mavx2 -mbmi -DUSE_AVX512 -mavx512f -mavx512bw -mavx512dq -mavx512vl -DUSE_SSE41 -msse4.1 -DUSE_SSSE3 -mssse3 -DUSE_SSE2 -msse2 -DUSE_PEXT -mbmi2 -DGIT_SHA=0c8d96db -DGIT_DATE=20260109 -DARCH=x86-64-avx512 -flto -flto-partition=one   -c -o position.o position.cpp
g++  -Wall -Wcast-qual -fno-exceptions -std=c++17  -pedantic -Wextra -Wshadow -Wmissing-declarations -m64 -Wstack-usage=128000 -DUSE_PTHREADS -DNDEBUG -O3 -funroll-loops -DIS_64BIT -msse -msse3 -mpopcnt -DUSE_POPCNT -DUSE_AVX2 -mavx2 -mbmi -DUSE_AVX512 -mavx512f -mavx512bw -mavx512dq -mavx512vl -DUSE_SSE41 -msse4.1 -DUSE_SSSE3 -mssse3 -DUSE_SSE2 -msse2 -DUSE_PEXT -mbmi2 -DGIT_SHA=0c8d96db -DGIT_DATE=20260109 -DARCH=x86-64-avx512 -flto -flto-partition=one   -c -o search.o search.cpp
g++  -Wall -Wcast-qual -fno-exceptions -std=c++17  -pedantic -Wextra -Wshadow -Wmissing-declarations -m64 -Wstack-usage=128000 -DUSE_PTHREADS -DNDEBUG -O3 -funroll-loops -DIS_64BIT -msse -msse3 -mpopcnt -DUSE_POPCNT -DUSE_AVX2 -mavx2 -mbmi -DUSE_AVX512 -mavx512f -mavx512bw -mavx512dq -mavx512vl -DUSE_SSE41 -msse4.1 -DUSE_SSSE3 -mssse3 -DUSE_SSE2 -msse2 -DUSE_PEXT -mbmi2 -DGIT_SHA=0c8d96db -DGIT_DATE=20260109 -DARCH=x86-64-avx512 -flto -flto-partition=one   -c -o thread.o thread.cpp
g++  -Wall -Wcast-qual -fno-exceptions -std=c++17  -pedantic -Wextra -Wshadow -Wmissing-declarations -m64 -Wstack-usage=128000 -DUSE_PTHREADS -DNDEBUG -O3 -funroll-loops -DIS_64BIT -msse -msse3 -mpopcnt -DUSE_POPCNT -DUSE_AVX2 -mavx2 -mbmi -DUSE_AVX512 -mavx512f -mavx512bw -mavx512dq -mavx512vl -DUSE_SSE41 -msse4.1 -DUSE_SSSE3 -mssse3 -DUSE_SSE2 -msse2 -DUSE_PEXT -mbmi2 -DGIT_SHA=0c8d96db -DGIT_DATE=20260109 -DARCH=x86-64-avx512 -flto -flto-partition=one   -c -o timeman.o timeman.cpp
g++  -Wall -Wcast-qual -fno-exceptions -std=c++17  -pedantic -Wextra -Wshadow -Wmissing-declarations -m64 -Wstack-usage=128000 -DUSE_PTHREADS -DNDEBUG -O3 -funroll-loops -DIS_64BIT -msse -msse3 -mpopcnt -DUSE_POPCNT -DUSE_AVX2 -mavx2 -mbmi -DUSE_AVX512 -mavx512f -mavx512bw -mavx512dq -mavx512vl -DUSE_SSE41 -msse4.1 -DUSE_SSSE3 -mssse3 -DUSE_SSE2 -msse2 -DUSE_PEXT -mbmi2 -DGIT_SHA=0c8d96db -DGIT_DATE=20260109 -DARCH=x86-64-avx512 -flto -flto-partition=one   -c -o tt.o tt.cpp
g++  -Wall -Wcast-qual -fno-exceptions -std=c++17  -pedantic -Wextra -Wshadow -Wmissing-declarations -m64 -Wstack-usage=128000 -DUSE_PTHREADS -DNDEBUG -O3 -funroll-loops -DIS_64BIT -msse -msse3 -mpopcnt -DUSE_POPCNT -DUSE_AVX2 -mavx2 -mbmi -DUSE_AVX512 -mavx512f -mavx512bw -mavx512dq -mavx512vl -DUSE_SSE41 -msse4.1 -DUSE_SSSE3 -mssse3 -DUSE_SSE2 -msse2 -DUSE_PEXT -mbmi2 -DGIT_SHA=0c8d96db -DGIT_DATE=20260109 -DARCH=x86-64-avx512 -flto -flto-partition=one   -c -o uci.o uci.cpp
g++  -Wall -Wcast-qual -fno-exceptions -std=c++17  -pedantic -Wextra -Wshadow -Wmissing-declarations -m64 -Wstack-usage=128000 -DUSE_PTHREADS -DNDEBUG -O3 -funroll-loops -DIS_64BIT -msse -msse3 -mpopcnt -DUSE_POPCNT -DUSE_AVX2 -mavx2 -mbmi -DUSE_AVX512 -mavx512f -mavx512bw -mavx512dq -mavx512vl -DUSE_SSE41 -msse4.1 -DUSE_SSSE3 -mssse3 -DUSE_SSE2 -msse2 -DUSE_PEXT -mbmi2 -DGIT_SHA=0c8d96db -DGIT_DATE=20260109 -DARCH=x86-64-avx512 -flto -flto-partition=one   -c -o ucioption.o ucioption.cpp
g++  -Wall -Wcast-qual -fno-exceptions -std=c++17  -pedantic -Wextra -Wshadow -Wmissing-declarations -m64 -Wstack-usage=128000 -DUSE_PTHREADS -DNDEBUG -O3 -funroll-loops -DIS_64BIT -msse -msse3 -mpopcnt -DUSE_POPCNT -DUSE_AVX2 -mavx2 -mbmi -DUSE_AVX512 -mavx512f -mavx512bw -mavx512dq -mavx512vl -DUSE_SSE41 -msse4.1 -DUSE_SSSE3 -mssse3 -DUSE_SSE2 -msse2 -DUSE_PEXT -mbmi2 -DGIT_SHA=0c8d96db -DGIT_DATE=20260109 -DARCH=x86-64-avx512 -flto -flto-partition=one   -c -o tune.o tune.cpp
g++  -Wall -Wcast-qual -fno-exceptions -std=c++17  -pedantic -Wextra -Wshadow -Wmissing-declarations -m64 -Wstack-usage=128000 -DUSE_PTHREADS -DNDEBUG -O3 -funroll-loops -DIS_64BIT -msse -msse3 -mpopcnt -DUSE_POPCNT -DUSE_AVX2 -mavx2 -mbmi -DUSE_AVX512 -mavx512f -mavx512bw -mavx512dq -mavx512vl -DUSE_SSE41 -msse4.1 -DUSE_SSSE3 -mssse3 -DUSE_SSE2 -msse2 -DUSE_PEXT -mbmi2 -DGIT_SHA=0c8d96db -DGIT_DATE=20260109 -DARCH=x86-64-avx512 -flto -flto-partition=one   -c -o tbprobe.o syzygy/tbprobe.cpp
g++  -Wall -Wcast-qual -fno-exceptions -std=c++17  -pedantic -Wextra -Wshadow -Wmissing-declarations -m64 -Wstack-usage=128000 -DUSE_PTHREADS -DNDEBUG -O3 -funroll-loops -DIS_64BIT -msse -msse3 -mpopcnt -DUSE_POPCNT -DUSE_AVX2 -mavx2 -mbmi -DUSE_AVX512 -mavx512f -mavx512bw -mavx512dq -mavx512vl -DUSE_SSE41 -msse4.1 -DUSE_SSSE3 -mssse3 -DUSE_SSE2 -msse2 -DUSE_PEXT -mbmi2 -DGIT_SHA=0c8d96db -DGIT_DATE=20260109 -DARCH=x86-64-avx512 -flto -flto-partition=one   -c -o nnue_accumulator.o nnue/nnue_accumulator.cpp
g++  -Wall -Wcast-qual -fno-exceptions -std=c++17  -pedantic -Wextra -Wshadow -Wmissing-declarations -m64 -Wstack-usage=128000 -DUSE_PTHREADS -DNDEBUG -O3 -funroll-loops -DIS_64BIT -msse -msse3 -mpopcnt -DUSE_POPCNT -DUSE_AVX2 -mavx2 -mbmi -DUSE_AVX512 -mavx512f -mavx512bw -mavx512dq -mavx512vl -DUSE_SSE41 -msse4.1 -DUSE_SSSE3 -mssse3 -DUSE_SSE2 -msse2 -DUSE_PEXT -mbmi2 -DGIT_SHA=0c8d96db -DGIT_DATE=20260109 -DARCH=x86-64-avx512 -flto -flto-partition=one   -c -o nnue_misc.o nnue/nnue_misc.cpp
g++  -Wall -Wcast-qual -fno-exceptions -std=c++17  -pedantic -Wextra -Wshadow -Wmissing-declarations -m64 -Wstack-usage=128000 -DUSE_PTHREADS -DNDEBUG -O3 -funroll-loops -DIS_64BIT -msse -msse3 -mpopcnt -DUSE_POPCNT -DUSE_AVX2 -mavx2 -mbmi -DUSE_AVX512 -mavx512f -mavx512bw -mavx512dq -mavx512vl -DUSE_SSE41 -msse4.1 -DUSE_SSSE3 -mssse3 -DUSE_SSE2 -msse2 -DUSE_PEXT -mbmi2 -DGIT_SHA=0c8d96db -DGIT_DATE=20260109 -DARCH=x86-64-avx512 -flto -flto-partition=one   -c -o network.o nnue/network.cpp
g++  -Wall -Wcast-qual -fno-exceptions -std=c++17  -pedantic -Wextra -Wshadow -Wmissing-declarations -m64 -Wstack-usage=128000 -DUSE_PTHREADS -DNDEBUG -O3 -funroll-loops -DIS_64BIT -msse -msse3 -mpopcnt -DUSE_POPCNT -DUSE_AVX2 -mavx2 -mbmi -DUSE_AVX512 -mavx512f -mavx512bw -mavx512dq -mavx512vl -DUSE_SSE41 -msse4.1 -DUSE_SSSE3 -mssse3 -DUSE_SSE2 -msse2 -DUSE_PEXT -mbmi2 -DGIT_SHA=0c8d96db -DGIT_DATE=20260109 -DARCH=x86-64-avx512 -flto -flto-partition=one   -c -o half_ka_v2_hm.o nnue/features/half_ka_v2_hm.cpp
g++  -Wall -Wcast-qual -fno-exceptions -std=c++17  -pedantic -Wextra -Wshadow -Wmissing-declarations -m64 -Wstack-usage=128000 -DUSE_PTHREADS -DNDEBUG -O3 -funroll-loops -DIS_64BIT -msse -msse3 -mpopcnt -DUSE_POPCNT -DUSE_AVX2 -mavx2 -mbmi -DUSE_AVX512 -mavx512f -mavx512bw -mavx512dq -mavx512vl -DUSE_SSE41 -msse4.1 -DUSE_SSSE3 -mssse3 -DUSE_SSE2 -msse2 -DUSE_PEXT -mbmi2 -DGIT_SHA=0c8d96db -DGIT_DATE=20260109 -DARCH=x86-64-avx512 -flto -flto-partition=one   -c -o full_threats.o nnue/features/full_threats.cpp
g++  -Wall -Wcast-qual -fno-exceptions -std=c++17  -pedantic -Wextra -Wshadow -Wmissing-declarations -m64 -Wstack-usage=128000 -DUSE_PTHREADS -DNDEBUG -O3 -funroll-loops -DIS_64BIT -msse -msse3 -mpopcnt -DUSE_POPCNT -DUSE_AVX2 -mavx2 -mbmi -DUSE_AVX512 -mavx512f -mavx512bw -mavx512dq -mavx512vl -DUSE_SSE41 -msse4.1 -DUSE_SSSE3 -mssse3 -DUSE_SSE2 -msse2 -DUSE_PEXT -mbmi2 -DGIT_SHA=0c8d96db -DGIT_DATE=20260109 -DARCH=x86-64-avx512 -flto -flto-partition=one   -c -o engine.o engine.cpp
g++  -Wall -Wcast-qual -fno-exceptions -std=c++17  -pedantic -Wextra -Wshadow -Wmissing-declarations -m64 -Wstack-usage=128000 -DUSE_PTHREADS -DNDEBUG -O3 -funroll-loops -DIS_64BIT -msse -msse3 -mpopcnt -DUSE_POPCNT -DUSE_AVX2 -mavx2 -mbmi -DUSE_AVX512 -mavx512f -mavx512bw -mavx512dq -mavx512vl -DUSE_SSE41 -msse4.1 -DUSE_SSSE3 -mssse3 -DUSE_SSE2 -msse2 -DUSE_PEXT -mbmi2 -DGIT_SHA=0c8d96db -DGIT_DATE=20260109 -DARCH=x86-64-avx512 -flto -flto-partition=one   -c -o score.o score.cpp
g++  -Wall -Wcast-qual -fno-exceptions -std=c++17  -pedantic -Wextra -Wshadow -Wmissing-declarations -m64 -Wstack-usage=128000 -DUSE_PTHREADS -DNDEBUG -O3 -funroll-loops -DIS_64BIT -msse -msse3 -mpopcnt -DUSE_POPCNT -DUSE_AVX2 -mavx2 -mbmi -DUSE_AVX512 -mavx512f -mavx512bw -mavx512dq -mavx512vl -DUSE_SSE41 -msse4.1 -DUSE_SSSE3 -mssse3 -DUSE_SSE2 -msse2 -DUSE_PEXT -mbmi2 -DGIT_SHA=0c8d96db -DGIT_DATE=20260109 -DARCH=x86-64-avx512 -flto -flto-partition=one   -c -o memory.o memory.cpp
g++ -o BrainlearnJR-090126-avx512 benchmark.o bitboard.o evaluate.o main.o misc.o movegen.o movepick.o position.o search.o thread.o timeman.o tt.o uci.o ucioption.o tune.o tbprobe.o nnue_accumulator.o nnue_misc.o network.o half_ka_v2_hm.o full_threats.o engine.o score.o memory.o   -m64 -Wl,--no-as-needed -lpthread -lrt  -Wall -Wcast-qual -fno-exceptions -std=c++17  -pedantic -Wextra -Wshadow -Wmissing-declarations -m64 -Wstack-usage=128000 -DUSE_PTHREADS -DNDEBUG -O3 -funroll-loops -DIS_64BIT -msse -msse3 -mpopcnt -DUSE_POPCNT -DUSE_AVX2 -mavx2 -mbmi -DUSE_AVX512 -mavx512f -mavx512bw -mavx512dq -mavx512vl -DUSE_SSE41 -msse4.1 -DUSE_SSSE3 -mssse3 -DUSE_SSE2 -msse2 -DUSE_PEXT -mbmi2 -DGIT_SHA=0c8d96db -DGIT_DATE=20260109 -DARCH=x86-64-avx512 -flto -flto-partition=one -flto=jobserver
make[1]: Leaving directory '/workspace/BrainLearnJR/src'
